生成启动时间为 2014/8/4 20:59:58。
     1>项目“F:\github\research\LTCI\LTCImedicare\LTCImedicare\LTCImedicare.vcxproj”在节点 2 上(build 个目标)。
     1>PrepareForBuild:
         正在创建目录“F:\github\research\LTCI\LTCImedicare\x64\Debug\”。
       InitializeBuildStatus:
         正在创建“x64\Debug\LTCImedicare.unsuccessfulbuild”，因为已指定“AlwaysCreate”。
       ClCompile:
         E:\systemsoftware\visualStudio2010\VC\bin\x86_amd64\CL.exe /c /Zi /nologo /W3 /WX- /Od /D _MBCS /Gm /EHsc /RTC1 /MDd /GS /fp:precise /Zc:wchar_t /Zc:forScope /Fo"x64\Debug\\" /Fd"x64\Debug\vc100.pdb" /Gd /TP /errorReport:prompt LTCImedicare.cpp main.cpp
         main.cpp
     1>main.cpp(27): warning C4101: “i”: 未引用的局部变量
     1>main.cpp(185): warning C4996: 'strcpy': This function or variable may be unsafe. Consider using strcpy_s instead. To disable deprecation, use _CRT_SECURE_NO_WARNINGS. See online help for details.
                 E:\systemsoftware\visualStudio2010\VC\include\string.h(105) : 参见“strcpy”的声明
     1>main.cpp(186): warning C4996: 'strcpy': This function or variable may be unsafe. Consider using strcpy_s instead. To disable deprecation, use _CRT_SECURE_NO_WARNINGS. See online help for details.
                 E:\systemsoftware\visualStudio2010\VC\include\string.h(105) : 参见“strcpy”的声明
     1>main.cpp(189): warning C4996: 'fopen': This function or variable may be unsafe. Consider using fopen_s instead. To disable deprecation, use _CRT_SECURE_NO_WARNINGS. See online help for details.
                 E:\systemsoftware\visualStudio2010\VC\include\stdio.h(234) : 参见“fopen”的声明
     1>main.cpp(197): warning C4996: 'sscanf': This function or variable may be unsafe. Consider using sscanf_s instead. To disable deprecation, use _CRT_SECURE_NO_WARNINGS. See online help for details.
                 E:\systemsoftware\visualStudio2010\VC\include\stdio.h(325) : 参见“sscanf”的声明
     1>main.cpp(221): warning C4996: 'strcpy': This function or variable may be unsafe. Consider using strcpy_s instead. To disable deprecation, use _CRT_SECURE_NO_WARNINGS. See online help for details.
                 E:\systemsoftware\visualStudio2010\VC\include\string.h(105) : 参见“strcpy”的声明
     1>main.cpp(222): warning C4996: 'strcpy': This function or variable may be unsafe. Consider using strcpy_s instead. To disable deprecation, use _CRT_SECURE_NO_WARNINGS. See online help for details.
                 E:\systemsoftware\visualStudio2010\VC\include\string.h(105) : 参见“strcpy”的声明
     1>main.cpp(224): warning C4996: 'fopen': This function or variable may be unsafe. Consider using fopen_s instead. To disable deprecation, use _CRT_SECURE_NO_WARNINGS. See online help for details.
                 E:\systemsoftware\visualStudio2010\VC\include\stdio.h(234) : 参见“fopen”的声明
     1>main.cpp(232): warning C4996: 'sscanf': This function or variable may be unsafe. Consider using sscanf_s instead. To disable deprecation, use _CRT_SECURE_NO_WARNINGS. See online help for details.
                 E:\systemsoftware\visualStudio2010\VC\include\stdio.h(325) : 参见“sscanf”的声明
     1>main.cpp(249): warning C4996: 'fopen': This function or variable may be unsafe. Consider using fopen_s instead. To disable deprecation, use _CRT_SECURE_NO_WARNINGS. See online help for details.
                 E:\systemsoftware\visualStudio2010\VC\include\stdio.h(234) : 参见“fopen”的声明
     1>main.cpp(251): warning C4996: 'fopen': This function or variable may be unsafe. Consider using fopen_s instead. To disable deprecation, use _CRT_SECURE_NO_WARNINGS. See online help for details.
                 E:\systemsoftware\visualStudio2010\VC\include\stdio.h(234) : 参见“fopen”的声明
     1>main.cpp(258): warning C4996: 'sscanf': This function or variable may be unsafe. Consider using sscanf_s instead. To disable deprecation, use _CRT_SECURE_NO_WARNINGS. See online help for details.
                 E:\systemsoftware\visualStudio2010\VC\include\stdio.h(325) : 参见“sscanf”的声明
     1>main.cpp(180): warning C4101: “inhandle”: 未引用的局部变量
     1>main.cpp(148): warning C4101: “lama”: 未引用的局部变量
     1>main.cpp(374): warning C4996: 'localtime': This function or variable may be unsafe. Consider using localtime_s instead. To disable deprecation, use _CRT_SECURE_NO_WARNINGS. See online help for details.
                 E:\systemsoftware\visualStudio2010\VC\include\time.inl(112) : 参见“localtime”的声明
     1>main.cpp(401): warning C4101: “time_end”: 未引用的局部变量
     1>main.cpp(401): warning C4101: “time_began”: 未引用的局部变量
     1>main.cpp(385): warning C4101: “l”: 未引用的局部变量
     1>main.cpp(390): warning C4101: “temp_test”: 未引用的局部变量
     1>main.cpp(385): warning C4101: “j”: 未引用的局部变量
         LTCImedicare.cpp
     1>LTCImedicare.cpp(64): warning C4101: “wrow”: 未引用的局部变量
     1>LTCImedicare.cpp(63): warning C4101: “WW”: 未引用的局部变量
     1>LTCImedicare.cpp(302): warning C4101: “p”: 未引用的局部变量
     1>LTCImedicare.cpp(302): warning C4101: “l”: 未引用的局部变量
     1>LTCImedicare.cpp(1074): warning C4101: “N”: 未引用的局部变量
     1>LTCImedicare.cpp(1067): warning C4101: “k”: 未引用的局部变量
     1>LTCImedicare.cpp(1331): warning C4996: 'localtime': This function or variable may be unsafe. Consider using localtime_s instead. To disable deprecation, use _CRT_SECURE_NO_WARNINGS. See online help for details.
                 E:\systemsoftware\visualStudio2010\VC\include\time.inl(112) : 参见“localtime”的声明
     1>LTCImedicare.cpp(1320): warning C4101: “i”: 未引用的局部变量
     1>LTCImedicare.cpp(1320): warning C4101: “j”: 未引用的局部变量
     1>LTCImedicare.cpp(1387): warning C4101: “time_began”: 未引用的局部变量
     1>LTCImedicare.cpp(1432): warning C4101: “k”: 未引用的局部变量
     1>LTCImedicare.cpp(1432): warning C4101: “j”: 未引用的局部变量
     1>LTCImedicare.cpp(1461): warning C4996: 'localtime': This function or variable may be unsafe. Consider using localtime_s instead. To disable deprecation, use _CRT_SECURE_NO_WARNINGS. See online help for details.
                 E:\systemsoftware\visualStudio2010\VC\include\time.inl(112) : 参见“localtime”的声明
         Generating Code...
       Link:
         E:\systemsoftware\visualStudio2010\VC\bin\x86_amd64\link.exe /ERRORREPORT:PROMPT /OUT:"F:\github\research\LTCI\LTCImedicare\x64\Debug\LTCImedicare.exe" /NOLOGO kernel32.lib user32.lib gdi32.lib winspool.lib comdlg32.lib advapi32.lib shell32.lib ole32.lib oleaut32.lib uuid.lib odbc32.lib odbccp32.lib /MANIFEST /ManifestFile:"x64\Debug\LTCImedicare.exe.intermediate.manifest" /MANIFESTUAC:"level='asInvoker' uiAccess='false'" /DEBUG /PDB:"F:\github\research\LTCI\LTCImedicare\x64\Debug\LTCImedicare.pdb" /TLBID:1 /DYNAMICBASE /NXCOMPAT /IMPLIB:"F:\github\research\LTCI\LTCImedicare\x64\Debug\LTCImedicare.lib" /MACHINE:X64 x64\Debug\LTCImedicare.obj
         x64\Debug\main.obj
         LTCImedicare.vcxproj -> F:\github\research\LTCI\LTCImedicare\x64\Debug\LTCImedicare.exe
       Manifest:
         C:\Program Files (x86)\Microsoft SDKs\Windows\v7.0A\bin\mt.exe /nologo /verbose /outputresource:"F:\github\research\LTCI\LTCImedicare\x64\Debug\LTCImedicare.exe;#1" /manifest x64\Debug\LTCImedicare.exe.intermediate.manifest
       FinalizeBuildStatus:
         正在删除文件“x64\Debug\LTCImedicare.unsuccessfulbuild”。
         正在对“x64\Debug\LTCImedicare.lastbuildstate”执行 Touch 任务。
     1>已完成生成项目“F:\github\research\LTCI\LTCImedicare\LTCImedicare\LTCImedicare.vcxproj”(build 个目标)的操作。

生成成功。

已用时间 00:00:01.77
