#
# A fatal error has been detected by the Java Runtime Environment:
#
#  EXCEPTION_ACCESS_VIOLATION (0xc0000005) at pc=0x00000000582b186a, pid=7552, tid=9632
#
# JRE version: 6.0_17-b04
# Java VM: Java HotSpot(TM) 64-Bit Server VM (14.3-b01 mixed mode windows-amd64 )
# Problematic frame:
# C  0x00000000582b186a
#
# If you would like to submit a bug report, please visit:
#   http://java.sun.com/webapps/bugreport/crash.jsp
# The crash happened outside the Java Virtual Machine in native code.
# See problematic frame for where to report the bug.
#

---------------  T H R E A D  ---------------

Current thread (0x000000006e107000):  JavaThread "Main message loop" daemon [_thread_in_native, id=9632, stack(0x0000000140030000,0x0000000144030000)]

siginfo: ExceptionCode=0xc0000005, reading address 0x0000000000000000

Registers:
EAX=0x00000000606088f8, EBX=0x000000006e206580, ECX=0x0000000000000000, EDX=0x00000000605ce630
ESP=0x000000014401e670, EBP=0x0000000080040104, ESI=0x0000000144026478, EDI=0x00000000605ce668
EIP=0x00000000582b186a, EFLAGS=0x0000000000010297

Top of Stack: (sp=0x000000014401e670)
0x000000014401e670:   000000006e206580 0000000080040104
0x000000014401e680:   000000006e206580 00000000605ce668
0x000000014401e690:   0000000000000030 000000005f9bd3d8
0x000000014401e6a0:   000000006e107000 000000000000000e
0x000000014401e6b0:   000000014401e4b0 000000014401e738
0x000000014401e6c0:   000000006062e4d0 0000000038d0b890
0x000000014401e6d0:   000000006e107000 0000000078a6e85c
0x000000014401e6e0:   0000000038d0b890 00000000246a4cac
0x000000014401e6f0:   000000006062e4d0 0000000000000008
0x000000014401e700:   00000000271474e0 0000000078a87ec7
0x000000014401e710:   000000006e1071b8 00000000582b36c2
0x000000014401e720:   000000005e59b7e0 000000006062e4d0
0x000000014401e730:   0000000038d09788 0000000024709f48
0x000000014401e740:   0000000038d0b7e0 0000000000000000
0x000000014401e750:   000000014401e7b8 00000000241459f3
0x000000014401e760:   0000000038d0b820 00000000241459f3 

Instructions: (pc=0x00000000582b186a)
0x00000000582b185a:   83 c0 08 83 38 02 7f 0d 48 8b 8c 24 90 7d 00 00
0x00000000582b186a:   48 8b 01 eb 66 83 38 03 75 0e 48 8b 8c 24 90 7d 


Stack: [0x0000000140030000,0x0000000144030000],  sp=0x000000014401e670,  free space=65465k
Native frames: (J=compiled Java code, j=interpreted, Vv=VM code, C=native code)
C  0x00000000582b186a

Java frames: (J=compiled Java code, j=interpreted, Vv=VM code)
J  com.jniwrapper.Function.invokeCFunc(JJB[BII[II)I
J  com.jniwrapper.FunctionCall.a(ZJJJIBLcom/jniwrapper/Parameter;[Lcom/jniwrapper/Parameter;)J
J  com.jniwrapper.Function.invoke(Lcom/jniwrapper/Parameter;Lcom/jniwrapper/Parameter;)J
j  com.jniwrapper.win32.MessageLoopThread$LoopThread.run()V+299
v  ~StubRoutines::call_stub

---------------  P R O C E S S  ---------------

Java Threads: ( => current thread )
  0x000000005e5cb800 JavaThread "Browser Events Thread" daemon [_thread_blocked, id=9276, stack(0x0000000165fd0000,0x0000000169fd0000)]
=>0x000000006e107000 JavaThread "Main message loop" daemon [_thread_in_native, id=9632, stack(0x0000000140030000,0x0000000144030000)]
  0x000000006e106000 JavaThread "Prefs Updater" daemon [_thread_blocked, id=1900, stack(0x00000000a8000000,0x00000000ac000000)]
  0x000000006e101800 JavaThread "Foxtrot Single Worker Thread #1" daemon [_thread_blocked, id=9584, stack(0x00000000c8000000,0x00000000cc000000)]
  0x000000006e108000 JavaThread "Code Analyzer updating thread" [_thread_blocked, id=8272, stack(0x000000009c000000,0x00000000a0000000)]
  0x000000006e102000 JavaThread "Timer-2" daemon [_thread_blocked, id=9112, stack(0x0000000120000000,0x0000000124000000)]
  0x000000006e106800 JavaThread "com.jniwrapper.NativeResourceCollector" daemon [_thread_blocked, id=7248, stack(0x000000010c000000,0x0000000110000000)]
  0x000000006e104800 JavaThread "Swing-Shell" daemon [_thread_blocked, id=8788, stack(0x000000011c000000,0x0000000120000000)]
  0x000000006e100800 JavaThread "Code Analyzer updating thread" [_thread_blocked, id=8548, stack(0x0000000108000000,0x000000010c000000)]
  0x000000005e5d3800 JavaThread "Code Analyzer updating thread" [_thread_blocked, id=9040, stack(0x0000000104000000,0x0000000108000000)]
  0x000000005e5d3000 JavaThread "Code Analyzer updating thread" [_thread_blocked, id=9120, stack(0x0000000100000000,0x0000000104000000)]
  0x000000005e5d1800 JavaThread "Code Analyzer updating thread" [_thread_blocked, id=8808, stack(0x00000000fc000000,0x0000000100000000)]
  0x000000005e5d0800 JavaThread "Code Analyzer updating thread" [_thread_blocked, id=7768, stack(0x00000000f8000000,0x00000000fc000000)]
  0x000000005e5d0000 JavaThread "Code Analyzer updating thread" [_thread_blocked, id=7364, stack(0x00000000f4000000,0x00000000f8000000)]
  0x000000005e5cf800 JavaThread "Code Analyzer updating thread" [_thread_blocked, id=1708, stack(0x00000000f0000000,0x00000000f4000000)]
  0x000000005e5ce800 JavaThread "Active Reference Queue Daemon" daemon [_thread_blocked, id=6532, stack(0x00000000ec000000,0x00000000f0000000)]
  0x000000005e5ce000 JavaThread "Timer-1" daemon [_thread_blocked, id=8264, stack(0x00000000e8000000,0x00000000ec000000)]
  0x000000005e5cd000 JavaThread "ClipboardMonitor Timer" daemon [_thread_blocked, id=6112, stack(0x00000000e4000000,0x00000000e8000000)]
  0x000000005e5cc800 JavaThread "Explorer NavigationContext request queue" daemon [_thread_blocked, id=5832, stack(0x00000000e0000000,0x00000000e4000000)]
  0x000000005e5cb000 JavaThread "AddressBar directory emptiness poller" daemon [_thread_blocked, id=8804, stack(0x00000000d8000000,0x00000000dc000000)]
  0x000000005e5ca000 JavaThread "Explorer Refresh Service 814254349" daemon [_thread_blocked, id=9144, stack(0x00000000d4000000,0x00000000d8000000)]
  0x000000005e5c9800 JavaThread "Thread-4" daemon [_thread_blocked, id=7284, stack(0x00000000d0000000,0x00000000d4000000)]
  0x000000005e5c9000 JavaThread "TimerQueue" daemon [_thread_blocked, id=5816, stack(0x00000000c4000000,0x00000000c8000000)]
  0x000000005e5c8000 JavaThread "Thread-3" daemon [_thread_blocked, id=5392, stack(0x00000000b4000000,0x00000000b8000000)]
  0x000000005e5c7800 JavaThread "AWT-EventQueue-0" [_thread_in_native, id=5544, stack(0x00000000b0000000,0x00000000b4000000)]
  0x000000005e5c6800 JavaThread "AWT-Shutdown" [_thread_blocked, id=5084, stack(0x00000000ac000000,0x00000000b0000000)]
  0x000000005e5c6000 JavaThread "FelixPackageAdmin" daemon [_thread_blocked, id=5952, stack(0x00000000c0000000,0x00000000c4000000)]
  0x000000005e5c5000 JavaThread "FelixStartLevel" daemon [_thread_blocked, id=6268, stack(0x00000000bc000000,0x00000000c0000000)]
  0x000000005e5c4800 JavaThread "FelixDispatchQueue" daemon [_thread_blocked, id=8792, stack(0x00000000b8000000,0x00000000bc000000)]
  0x000000005e4d1000 JavaThread "com.google.common.base.internal.Finalizer" daemon [_thread_blocked, id=6528, stack(0x00000000a0000000,0x00000000a4000000)]
  0x000000005e4cc000 JavaThread "AWT-Windows" daemon [_thread_in_native, id=8540, stack(0x0000000098000000,0x000000009c000000)]
  0x000000005e4ca800 JavaThread "Java2D Disposer" daemon [_thread_blocked, id=6932, stack(0x0000000090000000,0x0000000094000000)]
  0x000000005dfdb800 JavaThread "Timer-0" [_thread_blocked, id=6052, stack(0x000000008c000000,0x0000000090000000)]
  0x000000005df1a000 JavaThread "EventMgr Dispatcher" daemon [_thread_in_native, id=8760, stack(0x0000000088000000,0x000000008c000000)]
  0x000000004b653000 JavaThread "Low Memory Detector" daemon [_thread_blocked, id=8904, stack(0x0000000080000000,0x0000000084000000)]
  0x000000004b651800 JavaThread "CompilerThread1" daemon [_thread_blocked, id=8456, stack(0x00000000674c0000,0x000000006b4c0000)]
  0x000000004b601000 JavaThread "CompilerThread0" daemon [_thread_blocked, id=2416, stack(0x00000000634c0000,0x00000000674c0000)]
  0x000000004b600000 JavaThread "Attach Listener" daemon [_thread_blocked, id=2064, stack(0x00000000593f0000,0x000000005d3f0000)]
  0x000000004b5e6800 JavaThread "Finalizer" daemon [_thread_blocked, id=5436, stack(0x0000000053740000,0x0000000057740000)]
  0x000000004b5e5800 JavaThread "Reference Handler" daemon [_thread_blocked, id=8236, stack(0x000000004f740000,0x0000000053740000)]
  0x0000000006434000 JavaThread "main" [_thread_in_native, id=3420, stack(0x0000000000030000,0x0000000004030000)]

Other Threads:
  0x000000004b5e2800 VMThread [stack: 0x000000004b740000,0x000000004f740000] [id=3488]
  0x000000004b67d800 WatcherThread [stack: 0x0000000084000000,0x0000000088000000] [id=7480]

VM state:not at safepoint (normal execution)

VM Mutex/Monitor currently owned by a thread: None

Heap
 PSYoungGen      total 24960K, used 11786K [0x0000000038440000, 0x000000003a760000, 0x000000003b540000)
  eden space 16256K, 63% used [0x0000000038440000,0x0000000038e4a960,0x0000000039420000)
  from space 8704K, 17% used [0x0000000039ee0000,0x000000003a058018,0x000000003a760000)
  to   space 9856K, 0% used [0x0000000039420000,0x0000000039420000,0x0000000039dc0000)
 PSOldGen        total 99712K, used 73474K [0x000000002f140000, 0x00000000352a0000, 0x0000000038440000)
  object space 99712K, 73% used [0x000000002f140000,0x0000000033900898,0x00000000352a0000)
 PSPermGen       total 127872K, used 77039K [0x0000000027140000, 0x000000002ee20000, 0x000000002f140000)
  object space 127872K, 60% used [0x0000000027140000,0x000000002bc7be38,0x000000002ee20000)

Dynamic libraries:
0x0000000140000000 - 0x0000000140028000 	D:\matlab 2013a\bin\win64\MATLAB.exe
0x0000000077600000 - 0x00000000777a9000 	C:\Windows\SYSTEM32\ntdll.dll
0x00000000773e0000 - 0x00000000774ff000 	C:\Windows\system32\kernel32.dll
0x000007fefd5c0000 - 0x000007fefd62b000 	C:\Windows\system32\KERNELBASE.dll
0x0000000074460000 - 0x0000000074515000 	D:\matlab 2013a\bin\win64\libut.dll
0x00000000758a0000 - 0x000000007595f000 	D:\matlab 2013a\bin\win64\libmwi18n.dll
0x0000000180000000 - 0x000000018000d000 	D:\matlab 2013a\bin\win64\libmwresource_core.dll
0x0000000061860000 - 0x00000000618f8000 	D:\matlab 2013a\bin\win64\MSVCP100.dll
0x0000000061780000 - 0x0000000061852000 	D:\matlab 2013a\bin\win64\MSVCR100.dll
0x000000006bd30000 - 0x000000006bd3e000 	D:\matlab 2013a\bin\win64\boost_date_time-vc100-mt-1_49.dll
0x0000000061af0000 - 0x0000000061b1c000 	D:\matlab 2013a\bin\win64\boost_filesystem-vc100-mt-1_49.dll
0x00000000729d0000 - 0x00000000729d9000 	D:\matlab 2013a\bin\win64\boost_system-vc100-mt-1_49.dll
0x000007fefe490000 - 0x000007fefe56b000 	C:\Windows\system32\ADVAPI32.dll
0x000007feff600000 - 0x000007feff69f000 	C:\Windows\system32\msvcrt.dll
0x000007feff5e0000 - 0x000007feff5ff000 	C:\Windows\SYSTEM32\sechost.dll
0x000007fefdca0000 - 0x000007fefddcd000 	C:\Windows\system32\RPCRT4.dll
0x0000000063490000 - 0x00000000634b5000 	D:\matlab 2013a\bin\win64\LIBEXPAT.dll
0x00000000615f0000 - 0x000000006177a000 	D:\matlab 2013a\bin\win64\icuin49.dll
0x00000000614b0000 - 0x00000000615ee000 	D:\matlab 2013a\bin\win64\icuuc49.dll
0x00000000582c0000 - 0x00000000593e2000 	D:\matlab 2013a\bin\win64\icudt49.dll
0x0000000061ae0000 - 0x0000000061af0000 	D:\matlab 2013a\bin\win64\icuio49.dll
0x0000000073f70000 - 0x0000000074112000 	D:\matlab 2013a\bin\win64\libmwfl.dll
0x000000007a350000 - 0x000000007a737000 	D:\matlab 2013a\bin\win64\libmwMATLAB_res.dll
0x0000000061340000 - 0x000000006141f000 	D:\matlab 2013a\bin\win64\boost_regex-vc100-mt-1_49.dll
0x0000000077500000 - 0x00000000775fa000 	C:\Windows\system32\USER32.dll
0x000007feff8a0000 - 0x000007feff907000 	C:\Windows\system32\GDI32.dll
0x000007fefda30000 - 0x000007fefda3e000 	C:\Windows\system32\LPK.dll
0x000007feff470000 - 0x000007feff539000 	C:\Windows\system32\USP10.dll
0x0000000061ac0000 - 0x0000000061ad1000 	D:\matlab 2013a\bin\win64\boost_signals-vc100-mt-1_49.dll
0x0000000061aa0000 - 0x0000000061ab1000 	D:\matlab 2013a\bin\win64\boost_thread-vc100-mt-1_49.dll
0x000007fef63f0000 - 0x000007fef647c000 	D:\matlab 2013a\bin\win64\boost_log-vc100-mt-1_49.dll
0x00000000777d0000 - 0x00000000777d7000 	C:\Windows\system32\PSAPI.DLL
0x000007fefd9b0000 - 0x000007fefd9fd000 	C:\Windows\system32\WS2_32.dll
0x000007fefe480000 - 0x000007fefe488000 	C:\Windows\system32\NSI.dll
0x000007fef63b0000 - 0x000007fef63e3000 	D:\matlab 2013a\bin\win64\tbb.dll
0x000007feff6a0000 - 0x000007feff6b9000 	C:\Windows\system32\imagehlp.dll
0x000007fefd530000 - 0x000007fefd55c000 	C:\Windows\system32\POWRPROF.dll
0x000007fefda40000 - 0x000007fefdc17000 	C:\Windows\system32\SETUPAPI.dll
0x000007fefd560000 - 0x000007fefd596000 	C:\Windows\system32\CFGMGR32.dll
0x000007feff6c0000 - 0x000007feff797000 	C:\Windows\system32\OLEAUT32.dll
0x000007fefe000000 - 0x000007fefe203000 	C:\Windows\system32\ole32.dll
0x000007fefd2b0000 - 0x000007fefd2ca000 	C:\Windows\system32\DEVOBJ.dll
0x0000000004200000 - 0x0000000004221000 	D:\matlab 2013a\bin\win64\libmwmfl_scalar.dll
0x000007fef6e90000 - 0x000007fef6fb5000 	C:\Windows\system32\dbghelp.dll
0x0000000004230000 - 0x000000000455f000 	D:\matlab 2013a\bin\win64\libmwservices.dll
0x0000000075a20000 - 0x0000000075b0b000 	D:\matlab 2013a\bin\win64\libmx.dll
0x000007fef6380000 - 0x000007fef63a8000 	D:\matlab 2013a\bin\win64\tbbmalloc.dll
0x0000000061a80000 - 0x0000000061a97000 	D:\matlab 2013a\bin\win64\zlib1.dll
0x0000000004560000 - 0x00000000045ae000 	D:\matlab 2013a\bin\win64\libmwregexp.dll
0x0000000075f10000 - 0x0000000075f57000 	D:\matlab 2013a\bin\win64\mpath.dll
0x000000007b680000 - 0x000000007bc66000 	D:\matlab 2013a\bin\win64\mlutil.dll
0x00000000754d0000 - 0x0000000075547000 	D:\matlab 2013a\bin\win64\xmlcore.dll
0x00000000610f0000 - 0x0000000061331000 	D:\matlab 2013a\bin\win64\xerces-c_2_7.dll
0x00000000045c0000 - 0x00000000045e2000 	D:\matlab 2013a\bin\win64\libmwMATLAB_settings_res.dll
0x000007fefabf0000 - 0x000007fefac00000 	D:\matlab 2013a\bin\win64\boost_iostreams-vc100-mt-1_49.dll
0x000007feed970000 - 0x000007feed9b6000 	D:\matlab 2013a\bin\win64\boost_serialization-vc100-mt-1_49.dll
0x000007fefe5d0000 - 0x000007feff358000 	C:\Windows\system32\SHELL32.dll
0x000007feff360000 - 0x000007feff3d1000 	C:\Windows\system32\SHLWAPI.dll
0x00000000045f0000 - 0x00000000045f6000 	D:\matlab 2013a\bin\win64\libmwnativedisplay.dll
0x000007fefa0f0000 - 0x000007fefa190000 	C:\Windows\WinSxS\amd64_microsoft.windows.common-controls_6595b64144ccf1df_5.82.7601.17514_none_a4d6a923711520a9\COMCTL32.dll
0x000007fefd910000 - 0x000007fefd9a7000 	C:\Windows\system32\COMDLG32.dll
0x000007fefac60000 - 0x000007fefac76000 	C:\Windows\system32\NETAPI32.dll
0x000007fefac50000 - 0x000007fefac5c000 	C:\Windows\system32\netutils.dll
0x000007fefcd90000 - 0x000007fefcdb3000 	C:\Windows\system32\srvcli.dll
0x000007fefac30000 - 0x000007fefac45000 	C:\Windows\system32\wkscli.dll
0x0000000074970000 - 0x0000000074a18000 	D:\matlab 2013a\bin\win64\mcr.dll
0x0000000075000000 - 0x00000000753b1000 	D:\matlab 2013a\bin\win64\iqm.dll
0x0000000074e80000 - 0x0000000074f30000 	D:\matlab 2013a\bin\win64\m_dispatcher.dll
0x0000000004600000 - 0x0000000004e08000 	D:\matlab 2013a\bin\win64\m_interpreter.dll
0x0000000004e10000 - 0x0000000004e34000 	D:\matlab 2013a\bin\win64\libmex.dll
0x0000000075430000 - 0x00000000754ab000 	D:\matlab 2013a\bin\win64\profiler.dll
0x0000000004e40000 - 0x00000000050c3000 	D:\matlab 2013a\bin\win64\libmwmathutil.dll
0x0000000079f40000 - 0x0000000079f66000 	D:\matlab 2013a\bin\win64\libmwmathrng.dll
0x00000000050d0000 - 0x00000000050e0000 	D:\matlab 2013a\bin\win64\libmwmfl_rng.dll
0x0000000074c10000 - 0x0000000074cf8000 	D:\matlab 2013a\bin\win64\libmwmathcore.dll
0x0000000076160000 - 0x00000000761c3000 	D:\matlab 2013a\bin\win64\libmwspmatrix.dll
0x000000007b0a0000 - 0x000000007b2f6000 	D:\matlab 2013a\bin\win64\mcos.dll
0x0000000075ea0000 - 0x0000000075f02000 	D:\matlab 2013a\bin\win64\libmwcholmod.dll
0x00000000050f0000 - 0x00000000050fd000 	D:\matlab 2013a\bin\win64\libmwamd.dll
0x000000006fc90000 - 0x000000006fd33000 	C:\Windows\WinSxS\amd64_microsoft.vc90.crt_1fc8b3b9a1e18e3b_9.0.30729.6161_none_08e61857a83bc251\MSVCR90.dll
0x0000000005110000 - 0x000000000511c000 	D:\matlab 2013a\bin\win64\libmwcolamd.dll
0x000000007a290000 - 0x000000007a2a3000 	D:\matlab 2013a\bin\win64\libmwblas.dll
0x000000007a310000 - 0x000000007a325000 	D:\matlab 2013a\bin\win64\libmwbinder.dll
0x0000000005130000 - 0x000000000513b000 	D:\matlab 2013a\bin\win64\libmwompwrapper.dll
0x0000000075820000 - 0x000000007589e000 	D:\matlab 2013a\bin\win64\libmwlapack.dll
0x000000007a1b0000 - 0x000000007a1d0000 	D:\matlab 2013a\bin\win64\m_pcodeio.dll
0x0000000079b10000 - 0x0000000079b6c000 	D:\matlab 2013a\bin\win64\m_ir.dll
0x0000000078ed0000 - 0x0000000079579000 	D:\matlab 2013a\bin\win64\m_parser.dll
0x000000007a2f0000 - 0x000000007a307000 	D:\matlab 2013a\bin\win64\ir_xfmr.dll
0x0000000005140000 - 0x0000000005150000 	D:\matlab 2013a\bin\win64\mtok.dll
0x000000007a130000 - 0x000000007a158000 	D:\matlab 2013a\bin\win64\m_pcodegen.dll
0x0000000079fb0000 - 0x0000000079fdf000 	D:\matlab 2013a\bin\win64\libmwbridge.dll
0x0000000074f40000 - 0x0000000074ff6000 	D:\matlab 2013a\bin\win64\udd.dll
0x0000000073cc0000 - 0x0000000073e0e000 	D:\matlab 2013a\bin\win64\libmwgui.dll
0x000000007a1d0000 - 0x000000007a1f4000 	D:\matlab 2013a\bin\win64\graphics_util.dll
0x000007feea4f0000 - 0x000007feea5a8000 	D:\matlab 2013a\bin\win64\libtex_base.dll
0x0000000005150000 - 0x0000000005a93000 	D:\matlab 2013a\bin\win64\hg.dll
0x0000000076100000 - 0x000000007615a000 	D:\matlab 2013a\bin\win64\libmat.dll
0x0000000072d30000 - 0x0000000072f38000 	D:\matlab 2013a\bin\win64\hdf5dll.dll
0x0000000075710000 - 0x00000000757d8000 	D:\matlab 2013a\bin\win64\jmi.dll
0x0000000005ab0000 - 0x0000000005abe000 	D:\matlab 2013a\bin\win64\nativejava_services.dll
0x0000000005ac0000 - 0x0000000005b00000 	D:\matlab 2013a\bin\win64\libmwhardcopy.dll
0x0000000075c70000 - 0x0000000075cce000 	D:\matlab 2013a\bin\win64\libuij.dll
0x0000000072f50000 - 0x000000007318f000 	D:\matlab 2013a\bin\win64\hgdatatypes.dll
0x0000000005b00000 - 0x0000000005beb000 	D:\matlab 2013a\bin\win64\hgutils.dll
0x0000000005bf0000 - 0x0000000005c9e000 	D:\matlab 2013a\bin\win64\udd_mi.dll
0x0000000005ca0000 - 0x0000000005cd6000 	D:\matlab 2013a\bin\win64\libmwgbtutils.dll
0x0000000005ce0000 - 0x0000000005cf4000 	D:\matlab 2013a\bin\win64\libmwgbt.dll
0x0000000005d00000 - 0x0000000005fce000 	D:\matlab 2013a\bin\win64\uiw.dll
0x0000000005fd0000 - 0x0000000005fd9000 	D:\matlab 2013a\bin\win64\uinone.dll
0x0000000005fe0000 - 0x0000000006006000 	D:\matlab 2013a\bin\win64\libmwnativefiledialogs.dll
0x0000000006010000 - 0x000000000601c000 	D:\matlab 2013a\bin\win64\libmwplatform_res.dll
0x000007fef27d0000 - 0x000007fef27e8000 	C:\Windows\system32\MPR.dll
0x0000000060a40000 - 0x0000000060f9d000 	D:\matlab 2013a\bin\win64\mfc100.dll
0x000007fefa9f0000 - 0x000007fefa9f7000 	C:\Windows\system32\MSIMG32.dll
0x000007fefa970000 - 0x000007fefa9e1000 	C:\Windows\system32\WINSPOOL.DRV
0x0000000006020000 - 0x000000000603d000 	D:\matlab 2013a\bin\win64\mwoles05.DLL
0x0000000006040000 - 0x00000000060ac000 	D:\matlab 2013a\bin\win64\comcli.dll
0x0000000061480000 - 0x00000000614ab000 	D:\matlab 2013a\bin\win64\ATL100.DLL
0x00000000060b0000 - 0x00000000060bc000 	D:\matlab 2013a\bin\win64\mlautoregister.dll
0x00000000060c0000 - 0x0000000006216000 	D:\matlab 2013a\bin\win64\mvm.dll
0x000007fefda00000 - 0x000007fefda2e000 	C:\Windows\system32\IMM32.DLL
0x000007fefe370000 - 0x000007fefe479000 	C:\Windows\system32\MSCTF.dll
0x000007fefd160000 - 0x000007fefd1a4000 	C:\Windows\system32\nvinitx.dll
0x000000000f000000 - 0x000000000f006000 	C:\Program Files\NVIDIA Corporation\CoProcManager\_etoured.dll
0x000007feea910000 - 0x000007feea955000 	C:\Program Files\NVIDIA Corporation\CoProcManager\nvd3d9wrapx.dll
0x000007feea980000 - 0x000007feea9b7000 	C:\Program Files\NVIDIA Corporation\CoProcManager\nvdxgiwrapx.dll
0x000007fefb720000 - 0x000007fefb776000 	C:\Windows\system32\UxTheme.dll

VM Arguments:
jvm_args: -XX:PermSize=32m -Xms64m -XX:NewRatio=3 -XX:MaxPermSize=128m -Xmx196m -XX:MaxDirectMemorySize=2147400000 -Dsun.java2d.noddraw=true -Dsun.awt.nopixfmt=true -Xshare:off -Xrs -Dsun.awt.disableMixing=true -Djava.library.path=D:\matlab 2013a\bin\win64;D:\matlab 2013a\sys\jxbrowser\win64\lib vfprintf abort -Duser.language=en -Duser.country=US 
java_command: <unknown>
Launcher Type: generic

Environment Variables:
PATH=D:\Program Files\CTEX\UserData\miktex\bin;D:\Program Files\CTEX\MiKTeX\miktex\bin;D:\Program Files\CTEX\CTeX\ctex\bin;D:\Program Files\CTEX\CTeX\cct\bin;D:\Program Files\CTEX\CTeX\ty\bin;D:\Program Files\CTEX\Ghostscript\gs9.05\bin;D:\Program Files\CTEX\GSview\gsview;D:\Program Files\CTEX\WinEdt;D:\python3.3\Lib\site-packages\django\bin;D:\Program Files\Google\google_appengine\;D:\Python27\Lib\site-packages\django\bin;D:\Program Files\WindFinance\bin\;C:\Program Files\Java\jre7\bin;D:\Python27\;D:\python3.3\Lib\site-packages\django\bin;C:\MinGW\bin
USERNAME=mayuqiang
OS=Windows_NT
PROCESSOR_IDENTIFIER=Intel64 Family 6 Model 58 Stepping 9, GenuineIntel



---------------  S Y S T E M  ---------------

OS: Windows 7 Build 7601 Service Pack 1

CPU:total 4 (8 cores per cpu, 2 threads per core) family 6 model 58 stepping 9, cmov, cx8, fxsr, mmx, sse, sse2, sse3, ssse3, sse4.1, sse4.2, ht

Memory: 4k page, physical 8268092k(5463432k free), swap 16534324k(12883248k free)

vm_info: Java HotSpot(TM) 64-Bit Server VM (14.3-b01) for windows-amd64 JRE (1.6.0_17-b04), built on Oct 11 2009 00:46:08 by "java_re" with MS VC++ 8.0

time: Mon Mar 17 20:49:28 2014
elapsed time: 4921 seconds

