生成启动时间为 2014/7/26 12:36:25。
     1>项目“E:\myExp\gitHub\research\LTCI\LTCIparallel\LTCIparallel\LTCIparallel.vcxproj”在节点 2 上(build 个目标)。
     1>InitializeBuildStatus:
         正在创建“x64\Debug\LTCIparallel.unsuccessfulbuild”，因为已指定“AlwaysCreate”。
       ClCompile:
         D:\系统软件\vs2010\VC\bin\x86_amd64\CL.exe /c /Zi /nologo /W3 /WX- /Od /D _MBCS /Gm /EHsc /RTC1 /MDd /GS /fp:precise /Zc:wchar_t /Zc:forScope /Fo"x64\Debug\\" /Fd"x64\Debug\vc100.pdb" /Gd /TP /errorReport:prompt LTCIparallel.cpp main.cpp
         main.cpp
     1>main.cpp(27): warning C4101: “i”: 未引用的局部变量
     1>main.cpp(185): warning C4996: 'strcpy': This function or variable may be unsafe. Consider using strcpy_s instead. To disable deprecation, use _CRT_SECURE_NO_WARNINGS. See online help for details.
                 D:\系统软件\vs2010\VC\include\string.h(105) : 参见“strcpy”的声明
     1>main.cpp(186): warning C4996: 'strcpy': This function or variable may be unsafe. Consider using strcpy_s instead. To disable deprecation, use _CRT_SECURE_NO_WARNINGS. See online help for details.
                 D:\系统软件\vs2010\VC\include\string.h(105) : 参见“strcpy”的声明
     1>main.cpp(189): warning C4996: 'fopen': This function or variable may be unsafe. Consider using fopen_s instead. To disable deprecation, use _CRT_SECURE_NO_WARNINGS. See online help for details.
                 D:\系统软件\vs2010\VC\include\stdio.h(234) : 参见“fopen”的声明
     1>main.cpp(197): warning C4996: 'sscanf': This function or variable may be unsafe. Consider using sscanf_s instead. To disable deprecation, use _CRT_SECURE_NO_WARNINGS. See online help for details.
                 D:\系统软件\vs2010\VC\include\stdio.h(325) : 参见“sscanf”的声明
     1>main.cpp(221): warning C4996: 'strcpy': This function or variable may be unsafe. Consider using strcpy_s instead. To disable deprecation, use _CRT_SECURE_NO_WARNINGS. See online help for details.
                 D:\系统软件\vs2010\VC\include\string.h(105) : 参见“strcpy”的声明
     1>main.cpp(222): warning C4996: 'strcpy': This function or variable may be unsafe. Consider using strcpy_s instead. To disable deprecation, use _CRT_SECURE_NO_WARNINGS. See online help for details.
                 D:\系统软件\vs2010\VC\include\string.h(105) : 参见“strcpy”的声明
     1>main.cpp(224): warning C4996: 'fopen': This function or variable may be unsafe. Consider using fopen_s instead. To disable deprecation, use _CRT_SECURE_NO_WARNINGS. See online help for details.
                 D:\系统软件\vs2010\VC\include\stdio.h(234) : 参见“fopen”的声明
     1>main.cpp(232): warning C4996: 'sscanf': This function or variable may be unsafe. Consider using sscanf_s instead. To disable deprecation, use _CRT_SECURE_NO_WARNINGS. See online help for details.
                 D:\系统软件\vs2010\VC\include\stdio.h(325) : 参见“sscanf”的声明
     1>main.cpp(249): warning C4996: 'fopen': This function or variable may be unsafe. Consider using fopen_s instead. To disable deprecation, use _CRT_SECURE_NO_WARNINGS. See online help for details.
                 D:\系统软件\vs2010\VC\include\stdio.h(234) : 参见“fopen”的声明
     1>main.cpp(251): warning C4996: 'fopen': This function or variable may be unsafe. Consider using fopen_s instead. To disable deprecation, use _CRT_SECURE_NO_WARNINGS. See online help for details.
                 D:\系统软件\vs2010\VC\include\stdio.h(234) : 参见“fopen”的声明
     1>main.cpp(258): warning C4996: 'sscanf': This function or variable may be unsafe. Consider using sscanf_s instead. To disable deprecation, use _CRT_SECURE_NO_WARNINGS. See online help for details.
                 D:\系统软件\vs2010\VC\include\stdio.h(325) : 参见“sscanf”的声明
     1>main.cpp(180): warning C4101: “inhandle”: 未引用的局部变量
     1>main.cpp(148): warning C4101: “lama”: 未引用的局部变量
     1>main.cpp(374): warning C4996: 'localtime': This function or variable may be unsafe. Consider using localtime_s instead. To disable deprecation, use _CRT_SECURE_NO_WARNINGS. See online help for details.
                 D:\系统软件\vs2010\VC\include\time.inl(112) : 参见“localtime”的声明
     1>main.cpp(401): warning C4101: “time_end”: 未引用的局部变量
     1>main.cpp(401): warning C4101: “time_began”: 未引用的局部变量
     1>main.cpp(385): warning C4101: “l”: 未引用的局部变量
     1>main.cpp(390): warning C4101: “temp_test”: 未引用的局部变量
     1>main.cpp(385): warning C4101: “j”: 未引用的局部变量
         LTCIparallel.cpp
     1>c1xx : fatal error C1083: 无法打开源文件:“LTCIparallel.cpp”: No such file or directory
         Generating Code...
     1>已完成生成项目“E:\myExp\gitHub\research\LTCI\LTCIparallel\LTCIparallel\LTCIparallel.vcxproj”(build 个目标)的操作 - 失败。

生成失败。

已用时间 00:00:02.29
