#
# A fatal error has been detected by the Java Runtime Environment:
#
#  EXCEPTION_ACCESS_VIOLATION (0xc0000005) at pc=0x000000002340186a, pid=4820, tid=8184
#
# JRE version: 6.0_17-b04
# Java VM: Java HotSpot(TM) 64-Bit Server VM (14.3-b01 mixed mode windows-amd64 )
# Problematic frame:
# C  0x000000002340186a
#
# If you would like to submit a bug report, please visit:
#   http://java.sun.com/webapps/bugreport/crash.jsp
# The crash happened outside the Java Virtual Machine in native code.
# See problematic frame for where to report the bug.
#

---------------  T H R E A D  ---------------

Current thread (0x0000000053bea000):  JavaThread "Main message loop" daemon [_thread_in_native, id=8184, stack(0x00000000d0000000,0x00000000d4000000)]

siginfo: ExceptionCode=0xc0000005, reading address 0x0000000000000000

Registers:
EAX=0x0000000023528058, EBX=0x00000000542b1978, ECX=0x0000000000000000, EDX=0x0000000023530110
ESP=0x00000000d3fee700, EBP=0x0000000080040104, ESI=0x00000000d3ff6508, EDI=0x0000000023530148
EIP=0x000000002340186a, EFLAGS=0x0000000000010297

Top of Stack: (sp=0x00000000d3fee700)
0x00000000d3fee700:   00000000542b1978 0000000080040104
0x00000000d3fee710:   00000000542b1978 0000000023530148
0x00000000d3fee720:   0000000000000030 0000000114e1edb8
0x00000000d3fee730:   0000000053bea000 000000010000000e
0x00000000d3fee740:   00000000d3fee540 00000000d3fee7c8
0x00000000d3fee750:   00000000235ba680 0000000039a55c18
0x00000000d3fee760:   0000000053bea000 000000000e1ee85c
0x00000000d3fee770:   0000000039a55c18 00000000250244ac
0x00000000d3fee780:   00000000235ba680 0000000000000008
0x00000000d3fee790:   0000000027a474e0 000000000e207ec7
0x00000000d3fee7a0:   0000000053bea1b8 00000000234036c2
0x00000000d3fee7b0:   0000000052f50a10 00000000235ba680
0x00000000d3fee7c0:   0000000039a53b10 00000000250871c8
0x00000000d3fee7d0:   0000000039a55b68 0000000000000000
0x00000000d3fee7e0:   00000000d3fee848 0000000024a459f3
0x00000000d3fee7f0:   0000000039a55ba8 0000000024a459f3 

Instructions: (pc=0x000000002340186a)
0x000000002340185a:   83 c0 08 83 38 02 7f 0d 48 8b 8c 24 90 7d 00 00
0x000000002340186a:   48 8b 01 eb 66 83 38 03 75 0e 48 8b 8c 24 90 7d 


Stack: [0x00000000d0000000,0x00000000d4000000],  sp=0x00000000d3fee700,  free space=65465k
Native frames: (J=compiled Java code, j=interpreted, Vv=VM code, C=native code)
C  0x000000002340186a

Java frames: (J=compiled Java code, j=interpreted, Vv=VM code)
J  com.jniwrapper.Function.invokeCFunc(JJB[BII[II)I
J  com.jniwrapper.FunctionCall.a(ZJJJIBLcom/jniwrapper/Parameter;[Lcom/jniwrapper/Parameter;)J
J  com.jniwrapper.win32.MessageLoopThread$LoopThread.run()V
v  ~StubRoutines::call_stub

---------------  P R O C E S S  ---------------

Java Threads: ( => current thread )
  0x0000000053be3800 JavaThread "pool-7-thread-1" [_thread_blocked, id=8776, stack(0x000000012dfa0000,0x0000000131fa0000)]
  0x0000000053be7800 JavaThread "Browser Events Thread" daemon [_thread_blocked, id=4024, stack(0x0000000148030000,0x000000014c030000)]
=>0x0000000053bea000 JavaThread "Main message loop" daemon [_thread_in_native, id=8184, stack(0x00000000d0000000,0x00000000d4000000)]
  0x0000000053be8000 JavaThread "RecordlistTable Timer" daemon [_thread_blocked, id=7784, stack(0x00000000c0000000,0x00000000c4000000)]
  0x0000000053542800 JavaThread "Prefs Updater" daemon [_thread_blocked, id=5764, stack(0x00000000a0000000,0x00000000a4000000)]
  0x0000000053540800 JavaThread "Foxtrot Single Worker Thread #1" daemon [_thread_blocked, id=8140, stack(0x00000000c8000000,0x00000000cc000000)]
  0x0000000053beb000 JavaThread "Code Analyzer updating thread" [_thread_blocked, id=7560, stack(0x0000000098000000,0x000000009c000000)]
  0x0000000053545000 JavaThread "Timer-2" daemon [_thread_blocked, id=1200, stack(0x0000000140030000,0x0000000144030000)]
  0x0000000053542000 JavaThread "com.jniwrapper.NativeResourceCollector" daemon [_thread_blocked, id=8824, stack(0x000000011cfd0000,0x0000000120fd0000)]
  0x0000000053546800 JavaThread "Swing-Shell" daemon [_thread_blocked, id=7476, stack(0x0000000134fd0000,0x0000000138fd0000)]
  0x0000000053541000 JavaThread "Code Analyzer updating thread" [_thread_blocked, id=4164, stack(0x0000000114fd0000,0x0000000118fd0000)]
  0x0000000053540000 JavaThread "Code Analyzer updating thread" [_thread_blocked, id=8704, stack(0x000000010c000000,0x0000000110000000)]
  0x000000005353e800 JavaThread "Code Analyzer updating thread" [_thread_blocked, id=2328, stack(0x0000000108000000,0x000000010c000000)]
  0x000000005353d800 JavaThread "Code Analyzer updating thread" [_thread_blocked, id=7500, stack(0x0000000104000000,0x0000000108000000)]
  0x000000005353d000 JavaThread "Code Analyzer updating thread" [_thread_blocked, id=5320, stack(0x0000000100000000,0x0000000104000000)]
  0x000000005353c000 JavaThread "Code Analyzer updating thread" [_thread_blocked, id=5360, stack(0x00000000fc000000,0x0000000100000000)]
  0x000000005353b800 JavaThread "Code Analyzer updating thread" [_thread_blocked, id=1168, stack(0x00000000f8000000,0x00000000fc000000)]
  0x000000005353a800 JavaThread "Code Analyzer updating thread" [_thread_blocked, id=8100, stack(0x00000000f4000000,0x00000000f8000000)]
  0x000000005353a000 JavaThread "Code Analyzer updating thread" [_thread_blocked, id=8420, stack(0x00000000f0000000,0x00000000f4000000)]
  0x0000000053539800 JavaThread "Active Reference Queue Daemon" daemon [_thread_blocked, id=9048, stack(0x00000000ec000000,0x00000000f0000000)]
  0x0000000053538800 JavaThread "Timer-1" daemon [_thread_blocked, id=6244, stack(0x00000000e8000000,0x00000000ec000000)]
  0x0000000053538000 JavaThread "ClipboardMonitor Timer" daemon [_thread_blocked, id=7796, stack(0x00000000e4000000,0x00000000e8000000)]
  0x0000000053537000 JavaThread "Explorer NavigationContext request queue" daemon [_thread_blocked, id=8688, stack(0x00000000e0000000,0x00000000e4000000)]
  0x0000000009a68800 JavaThread "AddressBar directory emptiness poller" daemon [_thread_blocked, id=6748, stack(0x00000000d8000000,0x00000000dc000000)]
  0x0000000009a68000 JavaThread "Explorer Refresh Service 1453048685" daemon [_thread_blocked, id=7848, stack(0x00000000d4000000,0x00000000d8000000)]
  0x0000000009a67000 JavaThread "Thread-4" daemon [_thread_blocked, id=8552, stack(0x00000000cc000000,0x00000000d0000000)]
  0x0000000009a66800 JavaThread "TimerQueue" daemon [_thread_blocked, id=8992, stack(0x00000000bc000000,0x00000000c0000000)]
  0x0000000009a63800 JavaThread "Thread-3" daemon [_thread_blocked, id=7640, stack(0x00000000ac000000,0x00000000b0000000)]
  0x0000000009a62000 JavaThread "AWT-EventQueue-0" [_thread_in_Java, id=7580, stack(0x00000000a8000000,0x00000000ac000000)]
  0x0000000009a62800 JavaThread "AWT-Shutdown" [_thread_blocked, id=2388, stack(0x00000000a4000000,0x00000000a8000000)]
  0x0000000009a65800 JavaThread "FelixPackageAdmin" daemon [_thread_blocked, id=7792, stack(0x00000000b8000000,0x00000000bc000000)]
  0x0000000009a65000 JavaThread "FelixStartLevel" daemon [_thread_blocked, id=3892, stack(0x00000000b4000000,0x00000000b8000000)]
  0x0000000009a64000 JavaThread "FelixDispatchQueue" daemon [_thread_blocked, id=8332, stack(0x00000000b0000000,0x00000000b4000000)]
  0x0000000009a60800 JavaThread "com.google.common.base.internal.Finalizer" daemon [_thread_blocked, id=1636, stack(0x000000009c000000,0x00000000a0000000)]
  0x0000000009a5f000 JavaThread "AWT-Windows" daemon [_thread_in_native, id=8404, stack(0x0000000094000000,0x0000000098000000)]
  0x0000000009a5d800 JavaThread "Java2D Disposer" daemon [_thread_blocked, id=8836, stack(0x000000008c000000,0x0000000090000000)]
  0x0000000009a5d000 JavaThread "Timer-0" [_thread_blocked, id=4324, stack(0x0000000088000000,0x000000008c000000)]
  0x0000000009a5c000 JavaThread "EventMgr Dispatcher" daemon [_thread_in_native, id=6248, stack(0x0000000084000000,0x0000000088000000)]
  0x0000000009a5a800 JavaThread "Low Memory Detector" daemon [_thread_blocked, id=8224, stack(0x000000006b090000,0x000000006f090000)]
  0x0000000009a71000 JavaThread "CompilerThread1" daemon [_thread_blocked, id=8964, stack(0x0000000067090000,0x000000006b090000)]
  0x0000000009a10800 JavaThread "CompilerThread0" daemon [_thread_blocked, id=8292, stack(0x0000000063090000,0x0000000067090000)]
  0x0000000009a5a000 JavaThread "Attach Listener" daemon [_thread_blocked, id=3924, stack(0x000000005f090000,0x0000000063090000)]
  0x00000000099fc000 JavaThread "Finalizer" daemon [_thread_blocked, id=3536, stack(0x000000005b090000,0x000000005f090000)]
  0x00000000099f6000 JavaThread "Reference Handler" daemon [_thread_blocked, id=8752, stack(0x0000000055790000,0x0000000059790000)]
  0x00000000063b4000 JavaThread "main" [_thread_in_native, id=8600, stack(0x0000000000030000,0x0000000004030000)]

Other Threads:
  0x00000000099f2800 VMThread [stack: 0x000000004be40000,0x000000004fe40000] [id=6816]
  0x0000000009a85000 WatcherThread [stack: 0x0000000080000000,0x0000000084000000] [id=7840]

VM state:not at safepoint (normal execution)

VM Mutex/Monitor currently owned by a thread: None

Heap
 PSYoungGen      total 27328K, used 17325K [0x0000000038d40000, 0x000000003ada0000, 0x000000003be40000)
  eden space 22592K, 69% used [0x0000000038d40000,0x0000000039c82398,0x000000003a350000)
  from space 4736K, 35% used [0x000000003a350000,0x000000003a4f90e8,0x000000003a7f0000)
  to   space 4608K, 0% used [0x000000003a920000,0x000000003a920000,0x000000003ada0000)
 PSOldGen        total 108608K, used 78736K [0x000000002fa40000, 0x0000000036450000, 0x0000000038d40000)
  object space 108608K, 72% used [0x000000002fa40000,0x0000000034724118,0x0000000036450000)
 PSPermGen       total 131072K, used 80763K [0x0000000027a40000, 0x000000002fa40000, 0x000000002fa40000)
  object space 131072K, 61% used [0x0000000027a40000,0x000000002c91ef98,0x000000002fa40000)

Dynamic libraries:
0x0000000140000000 - 0x0000000140028000 	D:\matlab 2013a\bin\win64\MATLAB.exe
0x0000000077780000 - 0x0000000077929000 	C:\Windows\SYSTEM32\ntdll.dll
0x0000000077560000 - 0x000000007767f000 	C:\Windows\system32\kernel32.dll
0x000007fefd630000 - 0x000007fefd69b000 	C:\Windows\system32\KERNELBASE.dll
0x0000000074460000 - 0x0000000074515000 	D:\matlab 2013a\bin\win64\libut.dll
0x00000000758a0000 - 0x000000007595f000 	D:\matlab 2013a\bin\win64\libmwi18n.dll
0x0000000180000000 - 0x000000018000d000 	D:\matlab 2013a\bin\win64\libmwresource_core.dll
0x0000000051b30000 - 0x0000000051bc8000 	D:\matlab 2013a\bin\win64\MSVCP100.dll
0x0000000051a50000 - 0x0000000051b22000 	D:\matlab 2013a\bin\win64\MSVCR100.dll
0x000000005b080000 - 0x000000005b08e000 	D:\matlab 2013a\bin\win64\boost_date_time-vc100-mt-1_49.dll
0x0000000055730000 - 0x000000005575c000 	D:\matlab 2013a\bin\win64\boost_filesystem-vc100-mt-1_49.dll
0x0000000059e50000 - 0x0000000059e59000 	D:\matlab 2013a\bin\win64\boost_system-vc100-mt-1_49.dll
0x000007feff3b0000 - 0x000007feff48b000 	C:\Windows\system32\ADVAPI32.dll
0x000007feff8f0000 - 0x000007feff98f000 	C:\Windows\system32\msvcrt.dll
0x000007fefd910000 - 0x000007fefd92f000 	C:\Windows\SYSTEM32\sechost.dll
0x000007fefe760000 - 0x000007fefe88d000 	C:\Windows\system32\RPCRT4.dll
0x0000000055760000 - 0x0000000055785000 	D:\matlab 2013a\bin\win64\LIBEXPAT.dll
0x00000000515b0000 - 0x000000005173a000 	D:\matlab 2013a\bin\win64\icuin49.dll
0x0000000051470000 - 0x00000000515ae000 	D:\matlab 2013a\bin\win64\icuuc49.dll
0x0000000050340000 - 0x0000000051462000 	D:\matlab 2013a\bin\win64\icudt49.dll
0x0000000055720000 - 0x0000000055730000 	D:\matlab 2013a\bin\win64\icuio49.dll
0x0000000073f70000 - 0x0000000074112000 	D:\matlab 2013a\bin\win64\libmwfl.dll
0x000000007a350000 - 0x000000007a737000 	D:\matlab 2013a\bin\win64\libmwMATLAB_res.dll
0x0000000050260000 - 0x000000005033f000 	D:\matlab 2013a\bin\win64\boost_regex-vc100-mt-1_49.dll
0x0000000077680000 - 0x000000007777a000 	C:\Windows\system32\USER32.dll
0x000007fefd8a0000 - 0x000007fefd907000 	C:\Windows\system32\GDI32.dll
0x000007feff700000 - 0x000007feff70e000 	C:\Windows\system32\LPK.dll
0x000007feff040000 - 0x000007feff109000 	C:\Windows\system32\USP10.dll
0x0000000051a30000 - 0x0000000051a41000 	D:\matlab 2013a\bin\win64\boost_signals-vc100-mt-1_49.dll
0x0000000051a10000 - 0x0000000051a21000 	D:\matlab 2013a\bin\win64\boost_thread-vc100-mt-1_49.dll
0x000007fee7620000 - 0x000007fee76ac000 	D:\matlab 2013a\bin\win64\boost_log-vc100-mt-1_49.dll
0x0000000077940000 - 0x0000000077947000 	C:\Windows\system32\PSAPI.DLL
0x000007feff790000 - 0x000007feff7dd000 	C:\Windows\system32\WS2_32.dll
0x000007feff3a0000 - 0x000007feff3a8000 	C:\Windows\system32\NSI.dll
0x000007fee83d0000 - 0x000007fee8403000 	D:\matlab 2013a\bin\win64\tbb.dll
0x000007fefd880000 - 0x000007fefd899000 	C:\Windows\system32\imagehlp.dll
0x000007fefd6a0000 - 0x000007fefd6cc000 	C:\Windows\system32\POWRPROF.dll
0x000007feff520000 - 0x000007feff6f7000 	C:\Windows\system32\SETUPAPI.dll
0x000007fefd700000 - 0x000007fefd736000 	C:\Windows\system32\CFGMGR32.dll
0x000007fefef30000 - 0x000007feff007000 	C:\Windows\system32\OLEAUT32.dll
0x000007fefe890000 - 0x000007fefea93000 	C:\Windows\system32\ole32.dll
0x000007fefd6e0000 - 0x000007fefd6fa000 	C:\Windows\system32\DEVOBJ.dll
0x0000000004110000 - 0x0000000004131000 	D:\matlab 2013a\bin\win64\libmwmfl_scalar.dll
0x000007fef4e00000 - 0x000007fef4f25000 	C:\Windows\system32\dbghelp.dll
0x0000000004340000 - 0x000000000466f000 	D:\matlab 2013a\bin\win64\libmwservices.dll
0x0000000075a20000 - 0x0000000075b0b000 	D:\matlab 2013a\bin\win64\libmx.dll
0x000007fee7ef0000 - 0x000007fee7f18000 	D:\matlab 2013a\bin\win64\tbbmalloc.dll
0x00000000519f0000 - 0x0000000051a07000 	D:\matlab 2013a\bin\win64\zlib1.dll
0x0000000004140000 - 0x000000000418e000 	D:\matlab 2013a\bin\win64\libmwregexp.dll
0x0000000075f10000 - 0x0000000075f57000 	D:\matlab 2013a\bin\win64\mpath.dll
0x000000007b680000 - 0x000000007bc66000 	D:\matlab 2013a\bin\win64\mlutil.dll
0x00000000754d0000 - 0x0000000075547000 	D:\matlab 2013a\bin\win64\xmlcore.dll
0x0000000050010000 - 0x0000000050251000 	D:\matlab 2013a\bin\win64\xerces-c_2_7.dll
0x00000000041a0000 - 0x00000000041c2000 	D:\matlab 2013a\bin\win64\libmwMATLAB_settings_res.dll
0x000007fef6510000 - 0x000007fef6520000 	D:\matlab 2013a\bin\win64\boost_iostreams-vc100-mt-1_49.dll
0x000007fee75d0000 - 0x000007fee7616000 	D:\matlab 2013a\bin\win64\boost_serialization-vc100-mt-1_49.dll
0x000007fefd930000 - 0x000007fefe6b8000 	C:\Windows\system32\SHELL32.dll
0x000007fefd800000 - 0x000007fefd871000 	C:\Windows\system32\SHLWAPI.dll
0x00000000041d0000 - 0x00000000041d6000 	D:\matlab 2013a\bin\win64\libmwnativedisplay.dll
0x000007fefa270000 - 0x000007fefa310000 	C:\Windows\WinSxS\amd64_microsoft.windows.common-controls_6595b64144ccf1df_5.82.7601.17514_none_a4d6a923711520a9\COMCTL32.dll
0x000007fefec00000 - 0x000007fefec97000 	C:\Windows\system32\COMDLG32.dll
0x000007feface0000 - 0x000007fefacf6000 	C:\Windows\system32\NETAPI32.dll
0x000007fefacb0000 - 0x000007fefacbc000 	C:\Windows\system32\netutils.dll
0x000007fefcdc0000 - 0x000007fefcde3000 	C:\Windows\system32\srvcli.dll
0x000007fefac80000 - 0x000007fefac95000 	C:\Windows\system32\wkscli.dll
0x0000000074970000 - 0x0000000074a18000 	D:\matlab 2013a\bin\win64\mcr.dll
0x0000000075000000 - 0x00000000753b1000 	D:\matlab 2013a\bin\win64\iqm.dll
0x0000000074e80000 - 0x0000000074f30000 	D:\matlab 2013a\bin\win64\m_dispatcher.dll
0x0000000004670000 - 0x0000000004e78000 	D:\matlab 2013a\bin\win64\m_interpreter.dll
0x00000000041e0000 - 0x0000000004204000 	D:\matlab 2013a\bin\win64\libmex.dll
0x0000000075430000 - 0x00000000754ab000 	D:\matlab 2013a\bin\win64\profiler.dll
0x0000000004e80000 - 0x0000000005103000 	D:\matlab 2013a\bin\win64\libmwmathutil.dll
0x0000000079f40000 - 0x0000000079f66000 	D:\matlab 2013a\bin\win64\libmwmathrng.dll
0x0000000004210000 - 0x0000000004220000 	D:\matlab 2013a\bin\win64\libmwmfl_rng.dll
0x0000000074c10000 - 0x0000000074cf8000 	D:\matlab 2013a\bin\win64\libmwmathcore.dll
0x0000000076160000 - 0x00000000761c3000 	D:\matlab 2013a\bin\win64\libmwspmatrix.dll
0x000000007b0a0000 - 0x000000007b2f6000 	D:\matlab 2013a\bin\win64\mcos.dll
0x0000000075ea0000 - 0x0000000075f02000 	D:\matlab 2013a\bin\win64\libmwcholmod.dll
0x0000000004230000 - 0x000000000423d000 	D:\matlab 2013a\bin\win64\libmwamd.dll
0x000000006f910000 - 0x000000006f9b3000 	C:\Windows\WinSxS\amd64_microsoft.vc90.crt_1fc8b3b9a1e18e3b_9.0.30729.6161_none_08e61857a83bc251\MSVCR90.dll
0x0000000005120000 - 0x000000000512c000 	D:\matlab 2013a\bin\win64\libmwcolamd.dll
0x000000007a290000 - 0x000000007a2a3000 	D:\matlab 2013a\bin\win64\libmwblas.dll
0x000000007a310000 - 0x000000007a325000 	D:\matlab 2013a\bin\win64\libmwbinder.dll
0x0000000005140000 - 0x000000000514b000 	D:\matlab 2013a\bin\win64\libmwompwrapper.dll
0x0000000075820000 - 0x000000007589e000 	D:\matlab 2013a\bin\win64\libmwlapack.dll
0x000000007a1b0000 - 0x000000007a1d0000 	D:\matlab 2013a\bin\win64\m_pcodeio.dll
0x0000000079b10000 - 0x0000000079b6c000 	D:\matlab 2013a\bin\win64\m_ir.dll
0x0000000078ed0000 - 0x0000000079579000 	D:\matlab 2013a\bin\win64\m_parser.dll
0x000000007a2f0000 - 0x000000007a307000 	D:\matlab 2013a\bin\win64\ir_xfmr.dll
0x0000000005150000 - 0x0000000005160000 	D:\matlab 2013a\bin\win64\mtok.dll
0x000000007a130000 - 0x000000007a158000 	D:\matlab 2013a\bin\win64\m_pcodegen.dll
0x0000000079fb0000 - 0x0000000079fdf000 	D:\matlab 2013a\bin\win64\libmwbridge.dll
0x0000000074f40000 - 0x0000000074ff6000 	D:\matlab 2013a\bin\win64\udd.dll
0x0000000073cc0000 - 0x0000000073e0e000 	D:\matlab 2013a\bin\win64\libmwgui.dll
0x000000007a1d0000 - 0x000000007a1f4000 	D:\matlab 2013a\bin\win64\graphics_util.dll
0x000007fedbd70000 - 0x000007fedbe28000 	D:\matlab 2013a\bin\win64\libtex_base.dll
0x0000000005160000 - 0x0000000005aa3000 	D:\matlab 2013a\bin\win64\hg.dll
0x0000000076100000 - 0x000000007615a000 	D:\matlab 2013a\bin\win64\libmat.dll
0x0000000072d30000 - 0x0000000072f38000 	D:\matlab 2013a\bin\win64\hdf5dll.dll
0x0000000075710000 - 0x00000000757d8000 	D:\matlab 2013a\bin\win64\jmi.dll
0x0000000005ac0000 - 0x0000000005ace000 	D:\matlab 2013a\bin\win64\nativejava_services.dll
0x0000000005ad0000 - 0x0000000005b10000 	D:\matlab 2013a\bin\win64\libmwhardcopy.dll
0x0000000075c70000 - 0x0000000075cce000 	D:\matlab 2013a\bin\win64\libuij.dll
0x0000000072f50000 - 0x000000007318f000 	D:\matlab 2013a\bin\win64\hgdatatypes.dll
0x0000000005b10000 - 0x0000000005bfb000 	D:\matlab 2013a\bin\win64\hgutils.dll
0x0000000005c00000 - 0x0000000005cae000 	D:\matlab 2013a\bin\win64\udd_mi.dll
0x0000000005cb0000 - 0x0000000005ce6000 	D:\matlab 2013a\bin\win64\libmwgbtutils.dll
0x0000000005cf0000 - 0x0000000005d04000 	D:\matlab 2013a\bin\win64\libmwgbt.dll
0x0000000005d10000 - 0x0000000005fde000 	D:\matlab 2013a\bin\win64\uiw.dll
0x0000000005fe0000 - 0x0000000005fe9000 	D:\matlab 2013a\bin\win64\uinone.dll
0x0000000005ff0000 - 0x0000000006016000 	D:\matlab 2013a\bin\win64\libmwnativefiledialogs.dll
0x0000000006020000 - 0x000000000602c000 	D:\matlab 2013a\bin\win64\libmwplatform_res.dll
0x000007fef5a00000 - 0x000007fef5a18000 	C:\Windows\system32\MPR.dll
0x00000000788e0000 - 0x0000000078e3d000 	D:\matlab 2013a\bin\win64\mfc100.dll
0x000007fefaea0000 - 0x000007fefaea7000 	C:\Windows\system32\MSIMG32.dll
0x000007fefade0000 - 0x000007fefae51000 	C:\Windows\system32\WINSPOOL.DRV
0x0000000006030000 - 0x000000000604d000 	D:\matlab 2013a\bin\win64\mwoles05.DLL
0x0000000006050000 - 0x00000000060bc000 	D:\matlab 2013a\bin\win64\comcli.dll
0x0000000077fd0000 - 0x0000000077ffb000 	D:\matlab 2013a\bin\win64\ATL100.DLL
0x00000000060c0000 - 0x00000000060cc000 	D:\matlab 2013a\bin\win64\mlautoregister.dll
0x00000000060d0000 - 0x0000000006226000 	D:\matlab 2013a\bin\win64\mvm.dll
0x000007feff010000 - 0x000007feff03e000 	C:\Windows\system32\IMM32.DLL
0x000007feff7e0000 - 0x000007feff8e9000 	C:\Windows\system32\MSCTF.dll
0x000007fefd2e0000 - 0x000007fefd324000 	C:\Windows\system32\nvinitx.dll
0x000000000f000000 - 0x000000000f006000 	C:\Program Files\NVIDIA Corporation\CoProcManager\_etoured.dll
0x000007fee71f0000 - 0x000007fee7235000 	C:\Program Files\NVIDIA Corporation\CoProcManager\nvd3d9wrapx.dll
0x000007fee3490000 - 0x000007fee34c7000 	C:\Program Files\NVIDIA Corporation\CoProcManager\nvdxgiwrapx.dll
0x000007fefb8d0000 - 0x000007fefb926000 	C:\Windows\system32\UxTheme.dll

VM Arguments:
jvm_args: -XX:PermSize=32m -Xms64m -XX:NewRatio=3 -XX:MaxPermSize=128m -Xmx196m -XX:MaxDirectMemorySize=2147400000 -Dsun.java2d.noddraw=true -Dsun.awt.nopixfmt=true -Xshare:off -Xrs -Dsun.awt.disableMixing=true -Djava.library.path=D:\matlab 2013a\bin\win64;D:\matlab 2013a\sys\jxbrowser\win64\lib vfprintf abort -Duser.language=en -Duser.country=US 
java_command: <unknown>
Launcher Type: generic

Environment Variables:
PATH=D:\Program Files\CTEX\UserData\miktex\bin;D:\Program Files\CTEX\MiKTeX\miktex\bin;D:\Program Files\CTEX\CTeX\ctex\bin;D:\Program Files\CTEX\CTeX\cct\bin;D:\Program Files\CTEX\CTeX\ty\bin;D:\Program Files\CTEX\Ghostscript\gs9.05\bin;D:\Program Files\CTEX\GSview\gsview;D:\Program Files\CTEX\WinEdt;D:\python3.3\Lib\site-packages\django\bin;C:\Windows\system32;C:\Windows;C:\Windows\system32\wbem;D:\Program Files\node\;D:\Program Files\Google\google_appengine\;D:\Python27\Lib\site-packages\django\bin;D:\Program Files\WindFinance\bin\;C:\Program Files\Java\jre7\bin;D:\Python27\;C:\MinGW\bin;C:\Users\mayuqiang\AppData\Roaming\npm;C:\Users\mayuqiang\AppData\Local\Pandoc\
USERNAME=mayuqiang
OS=Windows_NT
PROCESSOR_IDENTIFIER=Intel64 Family 6 Model 58 Stepping 9, GenuineIntel



---------------  S Y S T E M  ---------------

OS: Windows 7 Build 7601 Service Pack 1

CPU:total 4 (8 cores per cpu, 2 threads per core) family 6 model 58 stepping 9, cmov, cx8, fxsr, mmx, sse, sse2, sse3, ssse3, sse4.1, sse4.2, ht

Memory: 4k page, physical 8268092k(3622948k free), swap 16534324k(11171100k free)

vm_info: Java HotSpot(TM) 64-Bit Server VM (14.3-b01) for windows-amd64 JRE (1.6.0_17-b04), built on Oct 11 2009 00:46:08 by "java_re" with MS VC++ 8.0

time: Sun Jul 13 14:02:31 2014
elapsed time: 8531 seconds

